<?xml version="1.0" encoding="UTF-8"?>
<testsuite xmlns:xsi="http://www.w3.org/2001/XMLSchema-instance" xsi:noNamespaceSchemaLocation="https://maven.apache.org/surefire/maven-surefire-plugin/xsd/surefire-test-report-3.0.xsd" version="3.0" name="com.titoosemobor.moviegenius.MovieGeniusApplicationTests" time="3.105" tests="1" errors="0" skipped="0" failures="0">
  <properties>
[...]
</properties>
  <testcase name="contextLoads" classname="com.titoosemobor.moviegenius.MovieGeniusApplicationTests" time="0.324">
    <system-out><![CDATA[21:47:46.681 [main] INFO org.springframework.test.context.support.AnnotationConfigContextLoaderUtils -- Could not detect default configuration classes for test class [com.titoosemobor.moviegenius.MovieGeniusApplicationTests]: MovieGeniusApplicationTests does not declare any static, non-private, non-final, nested classes annotated with @Configuration.
21:47:46.756 [main] INFO org.springframework.boot.test.context.SpringBootTestContextBootstrapper -- Found @SpringBootConfiguration com.titoosemobor.moviegenius.MovieGeniusApplication for test class com.titoosemobor.moviegenius.MovieGeniusApplicationTests

  .   ____          _            __ _ _
 /\\ / ___'_ __ _ _(_)_ __  __ _ \ \ \ \
( ( )\___ | '_ | '_| | '_ \/ _` | \ \ \ \
 \\/  ___)| |_)| | | | | || (_| |  ) ) ) )
  '  |____| .__|_| |_|_| |_\__, | / / / /
 =========|_|==============|___/=/_/_/_/
 :: Spring Boot ::                (v3.1.1)

2024-02-18T21:47:46.979-05:00  INFO 70968 --- [           main] m.p.springdotenv.DotenvPropertySource    : Initializing Dotenv with DotenvConfig{directory=null, filename=null, ignoreIfMalformed=false, ignoreIfMissing=true, systemProperties=false, prefix=null}
2024-02-18T21:47:46.998-05:00  INFO 70968 --- [           main] c.t.m.MovieGeniusApplicationTests        : Starting MovieGeniusApplicationTests using Java 20.0.2 with PID 70968 (started by titoosemobor in /Users/titoosemobor/Development/WEB-DEV/MovieGenius/MovieGeniusBackEnd)
2024-02-18T21:47:46.999-05:00  INFO 70968 --- [           main] c.t.m.MovieGeniusApplicationTests        : No active profile set, falling back to 1 default profile: "default"
2024-02-18T21:47:47.373-05:00  INFO 70968 --- [           main] .s.d.r.c.RepositoryConfigurationDelegate : Bootstrapping Spring Data JPA repositories in DEFAULT mode.
2024-02-18T21:47:47.457-05:00  INFO 70968 --- [           main] .s.d.r.c.RepositoryConfigurationDelegate : Finished Spring Data repository scanning in 80 ms. Found 5 JPA repository interfaces.
2024-02-18T21:47:47.689-05:00  INFO 70968 --- [           main] com.zaxxer.hikari.HikariDataSource       : HikariPool-1 - Starting...
2024-02-18T21:47:47.812-05:00  INFO 70968 --- [           main] com.zaxxer.hikari.pool.HikariPool        : HikariPool-1 - Added connection org.postgresql.jdbc.PgConnection@a0bf272
2024-02-18T21:47:47.812-05:00  INFO 70968 --- [           main] com.zaxxer.hikari.HikariDataSource       : HikariPool-1 - Start completed.
2024-02-18T21:47:47.835-05:00  INFO 70968 --- [           main] o.hibernate.jpa.internal.util.LogHelper  : HHH000204: Processing PersistenceUnitInfo [name: default]
2024-02-18T21:47:47.862-05:00  INFO 70968 --- [           main] org.hibernate.Version                    : HHH000412: Hibernate ORM core version 6.2.5.Final
2024-02-18T21:47:47.863-05:00  INFO 70968 --- [           main] org.hibernate.cfg.Environment            : HHH000406: Using bytecode reflection optimizer
2024-02-18T21:47:47.928-05:00  INFO 70968 --- [           main] o.h.b.i.BytecodeProviderInitiator        : HHH000021: Bytecode provider name : bytebuddy
2024-02-18T21:47:47.989-05:00  INFO 70968 --- [           main] o.s.o.j.p.SpringPersistenceUnitInfo      : No LoadTimeWeaver setup: ignoring JPA class transformer
2024-02-18T21:47:48.140-05:00  INFO 70968 --- [           main] o.h.b.i.BytecodeProviderInitiator        : HHH000021: Bytecode provider name : bytebuddy
2024-02-18T21:47:48.471-05:00  INFO 70968 --- [           main] o.h.e.t.j.p.i.JtaPlatformInitiator       : HHH000490: Using JtaPlatform implementation: [org.hibernate.engine.transaction.jta.platform.internal.NoJtaPlatform]
2024-02-18T21:47:48.472-05:00  INFO 70968 --- [           main] j.LocalContainerEntityManagerFactoryBean : Initialized JPA EntityManagerFactory for persistence unit 'default'
2024-02-18T21:47:48.694-05:00  INFO 70968 --- [           main] o.s.d.j.r.query.QueryEnhancerFactory     : Hibernate is in classpath; If applicable, HQL parser will be used.
2024-02-18T21:47:49.015-05:00  WARN 70968 --- [           main] JpaBaseConfiguration$JpaWebConfiguration : spring.jpa.open-in-view is enabled by default. Therefore, database queries may be performed during view rendering. Explicitly configure spring.jpa.open-in-view to disable this warning
2024-02-18T21:47:49.133-05:00  INFO 70968 --- [           main] o.s.s.web.DefaultSecurityFilterChain     : Will secure any request with [org.springframework.security.web.session.DisableEncodeUrlFilter@35216a2e, org.springframework.security.web.context.request.async.WebAsyncManagerIntegrationFilter@3c51dec5, org.springframework.security.web.context.SecurityContextHolderFilter@43b1fdb7, org.springframework.security.web.header.HeaderWriterFilter@33f5d807, org.springframework.security.web.authentication.logout.LogoutFilter@5a564a61, com.titoosemobor.moviegenius.Config.JWTAuthenticationFilter@400d1c30, org.springframework.security.web.savedrequest.RequestCacheAwareFilter@1c1bc904, org.springframework.security.web.servletapi.SecurityContextHolderAwareRequestFilter@2fc2d1f0, org.springframework.security.web.authentication.AnonymousAuthenticationFilter@51a42767, org.springframework.security.web.session.SessionManagementFilter@54ad9ff9, org.springframework.security.web.access.ExceptionTranslationFilter@6bab65b6, org.springframework.security.web.access.intercept.AuthorizationFilter@2625eb84]
2024-02-18T21:47:49.297-05:00  INFO 70968 --- [           main] c.t.m.MovieGeniusApplicationTests        : Started MovieGeniusApplicationTests in 2.459 seconds (process running for 3.128)
]]></system-out>
  </testcase>
</testsuite>